<?xml version="1.0" encoding="UTF-8"?>
<!-- Generated by org.testng.reporters.JUnitReportReporter -->
<testsuite name="sampletGitTest.SampleGitTest2" tests="1" time="79.723" ignored="0" failures="0" timestamp="23 Jun 2018 06:07:52 GMT" skipped="0" hostname="DESKTOP-SDQ562L" errors="0">
  <testcase name="logintest" time="79.723" classname="sampletGitTest.SampleGitTest2"/>
</testsuite> <!-- sampletGitTest.SampleGitTest2 -->
