<?xml version="1.0" encoding="UTF-8"?>
<!-- Generated by org.testng.reporters.JUnitReportReporter -->
<testsuite name="sampletGitTest.SampleGitTest" tests="1" time="12.754" ignored="0" failures="0" timestamp="17 Jun 2018 07:15:48 GMT" skipped="0" hostname="DESKTOP-SDQ562L" errors="0">
  <testcase name="logintest" time="12.754" classname="sampletGitTest.SampleGitTest"/>
</testsuite> <!-- sampletGitTest.SampleGitTest -->
